[2025-12-09T21:58:03.557Z] ERROR: Cannot read properties of undefined (reading 'min')
Stack: TypeError: Cannot read properties of undefined (reading 'min')
    at constructConstraintSentence (/Users/chineduibeanu/Documents/FastbreakML/fastbreak-scheduler/.next/dev/server/chunks/[root-of-the-server]__06bd8900._.js:265:29)
    at POST (/Users/chineduibeanu/Documents/FastbreakML/fastbreak-scheduler/.next/dev/server/chunks/[root-of-the-server]__06bd8900._.js:434:200)
    at process.processTicksAndRejections (node:internal/process/task_queues:105:5)
    at async AppRouteRouteModule.do (/Users/chineduibeanu/Documents/FastbreakML/fastbreak-scheduler/node_modules/next/dist/compiled/next-server/app-route-turbo.runtime.dev.js:5:37789)
    at async AppRouteRouteModule.handle (/Users/chineduibeanu/Documents/FastbreakML/fastbreak-scheduler/node_modules/next/dist/compiled/next-server/app-route-turbo.runtime.dev.js:5:45045)
    at async responseGenerator (/Users/chineduibeanu/Documents/FastbreakML/fastbreak-scheduler/.next/dev/server/chunks/node_modules_next_b6a0b6d8._.js:15488:38)
    at async AppRouteRouteModule.handleResponse (/Users/chineduibeanu/Documents/FastbreakML/fastbreak-scheduler/node_modules/next/dist/compiled/next-server/app-route-turbo.runtime.dev.js:1:187851)
    at async handleResponse (/Users/chineduibeanu/Documents/FastbreakML/fastbreak-scheduler/.next/dev/server/chunks/node_modules_next_b6a0b6d8._.js:15550:32)
    at async handler (/Users/chineduibeanu/Documents/FastbreakML/fastbreak-scheduler/.next/dev/server/chunks/node_modules_next_b6a0b6d8._.js:15603:13)
    at async DevServer.renderToResponseWithComponentsImpl (/Users/chineduibeanu/Documents/FastbreakML/fastbreak-scheduler/node_modules/next/dist/server/base-server.js:1413:9)
    at async DevServer.renderPageComponent (/Users/chineduibeanu/Documents/FastbreakML/fastbreak-scheduler/node_modules/next/dist/server/base-server.js:1465:24)
    at async DevServer.renderToResponseImpl (/Users/chineduibeanu/Documents/FastbreakML/fastbreak-scheduler/node_modules/next/dist/server/base-server.js:1515:32)
    at async DevServer.pipeImpl (/Users/chineduibeanu/Documents/FastbreakML/fastbreak-scheduler/node_modules/next/dist/server/base-server.js:1021:25)
    at async NextNodeServer.handleCatchallRenderRequest (/Users/chineduibeanu/Documents/FastbreakML/fastbreak-scheduler/node_modules/next/dist/server/next-server.js:394:17)
    at async DevServer.handleRequestImpl (/Users/chineduibeanu/Documents/FastbreakML/fastbreak-scheduler/node_modules/next/dist/server/base-server.js:912:17)
    at async /Users/chineduibeanu/Documents/FastbreakML/fastbreak-scheduler/node_modules/next/dist/server/dev/next-dev-server.js:382:20
    at async Span.traceAsyncFn (/Users/chineduibeanu/Documents/FastbreakML/fastbreak-scheduler/node_modules/next/dist/trace/trace.js:157:20)
    at async DevServer.handleRequest (/Users/chineduibeanu/Documents/FastbreakML/fastbreak-scheduler/node_modules/next/dist/server/dev/next-dev-server.js:378:24)
    at async invokeRender (/Users/chineduibeanu/Documents/FastbreakML/fastbreak-scheduler/node_modules/next/dist/server/lib/router-server.js:240:21)
    at async handleRequest (/Users/chineduibeanu/Documents/FastbreakML/fastbreak-scheduler/node_modules/next/dist/server/lib/router-server.js:436:24)
    at async requestHandlerImpl (/Users/chineduibeanu/Documents/FastbreakML/fastbreak-scheduler/node_modules/next/dist/server/lib/router-server.js:484:13)
    at async Server.requestListener (/Users/chineduibeanu/Documents/FastbreakML/fastbreak-scheduler/node_modules/next/dist/server/lib/start-server.js:226:13)

[2025-12-09T21:58:06.953Z] ERROR: Cannot read properties of undefined (reading 'min')
Stack: TypeError: Cannot read properties of undefined (reading 'min')
    at constructConstraintSentence (/Users/chineduibeanu/Documents/FastbreakML/fastbreak-scheduler/.next/dev/server/chunks/[root-of-the-server]__06bd8900._.js:265:29)
    at POST (/Users/chineduibeanu/Documents/FastbreakML/fastbreak-scheduler/.next/dev/server/chunks/[root-of-the-server]__06bd8900._.js:434:200)
    at process.processTicksAndRejections (node:internal/process/task_queues:105:5)
    at async AppRouteRouteModule.do (/Users/chineduibeanu/Documents/FastbreakML/fastbreak-scheduler/node_modules/next/dist/compiled/next-server/app-route-turbo.runtime.dev.js:5:37789)
    at async AppRouteRouteModule.handle (/Users/chineduibeanu/Documents/FastbreakML/fastbreak-scheduler/node_modules/next/dist/compiled/next-server/app-route-turbo.runtime.dev.js:5:45045)
    at async responseGenerator (/Users/chineduibeanu/Documents/FastbreakML/fastbreak-scheduler/.next/dev/server/chunks/node_modules_next_b6a0b6d8._.js:15488:38)
    at async AppRouteRouteModule.handleResponse (/Users/chineduibeanu/Documents/FastbreakML/fastbreak-scheduler/node_modules/next/dist/compiled/next-server/app-route-turbo.runtime.dev.js:1:187851)
    at async handleResponse (/Users/chineduibeanu/Documents/FastbreakML/fastbreak-scheduler/.next/dev/server/chunks/node_modules_next_b6a0b6d8._.js:15550:32)
    at async handler (/Users/chineduibeanu/Documents/FastbreakML/fastbreak-scheduler/.next/dev/server/chunks/node_modules_next_b6a0b6d8._.js:15603:13)
    at async DevServer.renderToResponseWithComponentsImpl (/Users/chineduibeanu/Documents/FastbreakML/fastbreak-scheduler/node_modules/next/dist/server/base-server.js:1413:9)
    at async DevServer.renderPageComponent (/Users/chineduibeanu/Documents/FastbreakML/fastbreak-scheduler/node_modules/next/dist/server/base-server.js:1465:24)
    at async DevServer.renderToResponseImpl (/Users/chineduibeanu/Documents/FastbreakML/fastbreak-scheduler/node_modules/next/dist/server/base-server.js:1515:32)
    at async DevServer.pipeImpl (/Users/chineduibeanu/Documents/FastbreakML/fastbreak-scheduler/node_modules/next/dist/server/base-server.js:1021:25)
    at async NextNodeServer.handleCatchallRenderRequest (/Users/chineduibeanu/Documents/FastbreakML/fastbreak-scheduler/node_modules/next/dist/server/next-server.js:394:17)
    at async DevServer.handleRequestImpl (/Users/chineduibeanu/Documents/FastbreakML/fastbreak-scheduler/node_modules/next/dist/server/base-server.js:912:17)
    at async /Users/chineduibeanu/Documents/FastbreakML/fastbreak-scheduler/node_modules/next/dist/server/dev/next-dev-server.js:382:20
    at async Span.traceAsyncFn (/Users/chineduibeanu/Documents/FastbreakML/fastbreak-scheduler/node_modules/next/dist/trace/trace.js:157:20)
    at async DevServer.handleRequest (/Users/chineduibeanu/Documents/FastbreakML/fastbreak-scheduler/node_modules/next/dist/server/dev/next-dev-server.js:378:24)
    at async invokeRender (/Users/chineduibeanu/Documents/FastbreakML/fastbreak-scheduler/node_modules/next/dist/server/lib/router-server.js:240:21)
    at async handleRequest (/Users/chineduibeanu/Documents/FastbreakML/fastbreak-scheduler/node_modules/next/dist/server/lib/router-server.js:436:24)
    at async requestHandlerImpl (/Users/chineduibeanu/Documents/FastbreakML/fastbreak-scheduler/node_modules/next/dist/server/lib/router-server.js:484:13)
    at async Server.requestListener (/Users/chineduibeanu/Documents/FastbreakML/fastbreak-scheduler/node_modules/next/dist/server/lib/start-server.js:226:13)

[2025-12-09T21:59:04.734Z] ERROR: Cannot read properties of undefined (reading 'min')
Stack: TypeError: Cannot read properties of undefined (reading 'min')
    at constructConstraintSentence (/Users/chineduibeanu/Documents/FastbreakML/fastbreak-scheduler/.next/dev/server/chunks/[root-of-the-server]__06bd8900._.js:265:29)
    at POST (/Users/chineduibeanu/Documents/FastbreakML/fastbreak-scheduler/.next/dev/server/chunks/[root-of-the-server]__06bd8900._.js:434:200)
    at process.processTicksAndRejections (node:internal/process/task_queues:105:5)
    at async AppRouteRouteModule.do (/Users/chineduibeanu/Documents/FastbreakML/fastbreak-scheduler/node_modules/next/dist/compiled/next-server/app-route-turbo.runtime.dev.js:5:37789)
    at async AppRouteRouteModule.handle (/Users/chineduibeanu/Documents/FastbreakML/fastbreak-scheduler/node_modules/next/dist/compiled/next-server/app-route-turbo.runtime.dev.js:5:45045)
    at async responseGenerator (/Users/chineduibeanu/Documents/FastbreakML/fastbreak-scheduler/.next/dev/server/chunks/node_modules_next_b6a0b6d8._.js:15488:38)
    at async AppRouteRouteModule.handleResponse (/Users/chineduibeanu/Documents/FastbreakML/fastbreak-scheduler/node_modules/next/dist/compiled/next-server/app-route-turbo.runtime.dev.js:1:187851)
    at async handleResponse (/Users/chineduibeanu/Documents/FastbreakML/fastbreak-scheduler/.next/dev/server/chunks/node_modules_next_b6a0b6d8._.js:15550:32)
    at async handler (/Users/chineduibeanu/Documents/FastbreakML/fastbreak-scheduler/.next/dev/server/chunks/node_modules_next_b6a0b6d8._.js:15603:13)
    at async DevServer.renderToResponseWithComponentsImpl (/Users/chineduibeanu/Documents/FastbreakML/fastbreak-scheduler/node_modules/next/dist/server/base-server.js:1413:9)
    at async DevServer.renderPageComponent (/Users/chineduibeanu/Documents/FastbreakML/fastbreak-scheduler/node_modules/next/dist/server/base-server.js:1465:24)
    at async DevServer.renderToResponseImpl (/Users/chineduibeanu/Documents/FastbreakML/fastbreak-scheduler/node_modules/next/dist/server/base-server.js:1515:32)
    at async DevServer.pipeImpl (/Users/chineduibeanu/Documents/FastbreakML/fastbreak-scheduler/node_modules/next/dist/server/base-server.js:1021:25)
    at async NextNodeServer.handleCatchallRenderRequest (/Users/chineduibeanu/Documents/FastbreakML/fastbreak-scheduler/node_modules/next/dist/server/next-server.js:394:17)
    at async DevServer.handleRequestImpl (/Users/chineduibeanu/Documents/FastbreakML/fastbreak-scheduler/node_modules/next/dist/server/base-server.js:912:17)
    at async /Users/chineduibeanu/Documents/FastbreakML/fastbreak-scheduler/node_modules/next/dist/server/dev/next-dev-server.js:382:20
    at async Span.traceAsyncFn (/Users/chineduibeanu/Documents/FastbreakML/fastbreak-scheduler/node_modules/next/dist/trace/trace.js:157:20)
    at async DevServer.handleRequest (/Users/chineduibeanu/Documents/FastbreakML/fastbreak-scheduler/node_modules/next/dist/server/dev/next-dev-server.js:378:24)
    at async invokeRender (/Users/chineduibeanu/Documents/FastbreakML/fastbreak-scheduler/node_modules/next/dist/server/lib/router-server.js:240:21)
    at async handleRequest (/Users/chineduibeanu/Documents/FastbreakML/fastbreak-scheduler/node_modules/next/dist/server/lib/router-server.js:436:24)
    at async requestHandlerImpl (/Users/chineduibeanu/Documents/FastbreakML/fastbreak-scheduler/node_modules/next/dist/server/lib/router-server.js:484:13)
    at async Server.requestListener (/Users/chineduibeanu/Documents/FastbreakML/fastbreak-scheduler/node_modules/next/dist/server/lib/start-server.js:226:13)

